Microsoft (R) Macro Assembler Version 14.16.27039.0	    05/13/20 13:14:57
AddTwo.asm						     Page 1 - 1


				;Marian Zlateva
				; Flips a string and rotates it 4 times

				INCLUDE Irvine32.inc
			      C ; Include file for Irvine32.lib             (Irvine32.inc)
			      C 
			      C ;OPTION CASEMAP:NONE		; optional: make identifiers case-sensitive
			      C 
			      C INCLUDE SmallWin.inc		; MS-Windows prototypes, structures, and constants
			      C .NOLIST
			      C .LIST
			      C 
			      C INCLUDE VirtualKeys.inc
			      C ; VirtualKeys.inc
			      C .NOLIST
			      C .LIST
			      C 
			      C 
			      C .NOLIST
			      C .LIST
			      C 

				.386
				.model flat,stdcall
AddTwo.asm(7) : warning A4011:multiple .MODEL directives found : .MODEL ignored
				.stack 4096
				ExitProcess proto,dwExitCode:dword
 00000000			.data
 00000000 54 68 69 73 20		source BYTE "This is the source string", 0
	   69 73 20 74 68
	   65 20 73 6F 75
	   72 63 65 20 73
	   74 72 69 6E 67
	   00
 0000001A  0000001A [			target BYTE SIZEOF source DUP('#')
	    23
	   ]
 00000000			.code
				;performs the calculation
 00000000			main proc
					
					
 00000000  BE 00000000			mov	esi,0	;point to first element

 00000005  BF 00000019			mov edi, LENGTHOF source-1	;point to last element

 0000000A  B9 0000001A			mov ecx, LENGTHOF source	;counter so that we loop through all the spots of the array

					;ecx is automatically decrimated

 0000000F				SwapLoop:	;top of loop
 0000000F  B8 00000000				mov eax,0
 00000014  8A 86 00000000 R			mov al,source[esi]	;instruction operands must be the same size so we are going to use the first half of the eax register
 0000001A  88 87 0000001A R			mov target[edi],al	;moves the first(this will be incremented) value of the string to the last(this value will be decremented) spot in the array

 00000020  46					inc esi ;moves pointer forward
 00000021  4F					dec edi	;moves pointer backward
 00000022  E8 00000000 E			call dumpregs

 00000027  E2 E6				loop SwapLoop


 00000029  B9 00000004			mov ecx,4 ;counter so that we only rotate the string 4 times
 0000002E				RepeatLoop: ;calls the rotate loop 4 times
 0000002E  8B D1				mov edx, ecx
						
 00000030  B9 00000019				mov ecx, SIZEOF target -1 ;sets the counter to the size of the array for the rotate loop
 00000035  BE 00000000				mov esi, 0	
 0000003A  A0 0000001A R			mov al,target[0]
 0000003F					RotateLoop:	;takes the last element of the array and moves it to the start
								
 0000003F  8A 9E 0000001B R				mov bl,target[esi+1];store next spot in a temp variable
 00000045  88 86 0000001B R				mov target[esi+1],al;move stored variable into next spot
								
 0000004B  8A C3					mov al,bl;store temp var into not temp varable
 0000004D  E8 00000000 E				call dumpregs
 00000052  46						inc esi
 00000053  E2 EA					loop RotateLoop
 00000055  88 1D 0000001A R			mov target[0],bl;move the last var to the first spot
 0000005B  E8 00000000 E			call dumpregs
 00000060  8B CA				mov ecx,edx	;sets the counter back to the repeat loop counter
 00000062  E2 CA				loop RepeatLoop

					invoke ExitProcess,0
 00000064  6A 00	   *	    push   +000000000h
 00000066  E8 00000000 E   *	    call   ExitProcess
 0000006B			main endp
				end main

				COMMENT !

				  EAX=00000054  EBX=0027A000  ECX=0000001A  EDX=0040100A
				  ESI=00000001  EDI=00000018  EBP=0019FF80  ESP=0019FF74
				  EIP=00403687  EFL=00000206  CF=0  SF=0  ZF=0  OF=0  AF=0  PF=1


				  EAX=00000068  EBX=0027A000  ECX=00000019  EDX=0040100A
				  ESI=00000002  EDI=00000017  EBP=0019FF80  ESP=0019FF74
				  EIP=00403687  EFL=00000206  CF=0  SF=0  ZF=0  OF=0  AF=0  PF=1


				  EAX=00000069  EBX=0027A000  ECX=00000018  EDX=0040100A
				  ESI=00000003  EDI=00000016  EBP=0019FF80  ESP=0019FF74
				  EIP=00403687  EFL=00000202  CF=0  SF=0  ZF=0  OF=0  AF=0  PF=0


				  EAX=00000073  EBX=0027A000  ECX=00000017  EDX=0040100A
				  ESI=00000004  EDI=00000015  EBP=0019FF80  ESP=0019FF74
				  EIP=00403687  EFL=00000202  CF=0  SF=0  ZF=0  OF=0  AF=0  PF=0


				  EAX=00000020  EBX=0027A000  ECX=00000016  EDX=0040100A
				  ESI=00000005  EDI=00000014  EBP=0019FF80  ESP=0019FF74
				  EIP=00403687  EFL=00000206  CF=0  SF=0  ZF=0  OF=0  AF=0  PF=1


				  EAX=00000069  EBX=0027A000  ECX=00000015  EDX=0040100A
				  ESI=00000006  EDI=00000013  EBP=0019FF80  ESP=0019FF74
				  EIP=00403687  EFL=00000202  CF=0  SF=0  ZF=0  OF=0  AF=0  PF=0


				  EAX=00000073  EBX=0027A000  ECX=00000014  EDX=0040100A
				  ESI=00000007  EDI=00000012  EBP=0019FF80  ESP=0019FF74
				  EIP=00403687  EFL=00000206  CF=0  SF=0  ZF=0  OF=0  AF=0  PF=1


				  EAX=00000020  EBX=0027A000  ECX=00000013  EDX=0040100A
				  ESI=00000008  EDI=00000011  EBP=0019FF80  ESP=0019FF74
				  EIP=00403687  EFL=00000206  CF=0  SF=0  ZF=0  OF=0  AF=0  PF=1


				  EAX=00000074  EBX=0027A000  ECX=00000012  EDX=0040100A
				  ESI=00000009  EDI=00000010  EBP=0019FF80  ESP=0019FF74
				  EIP=00403687  EFL=00000202  CF=0  SF=0  ZF=0  OF=0  AF=0  PF=0


				  EAX=00000068  EBX=0027A000  ECX=00000011  EDX=0040100A
				  ESI=0000000A  EDI=0000000F  EBP=0019FF80  ESP=0019FF74
				  EIP=00403687  EFL=00000216  CF=0  SF=0  ZF=0  OF=0  AF=1  PF=1


				  EAX=00000065  EBX=0027A000  ECX=00000010  EDX=0040100A
				  ESI=0000000B  EDI=0000000E  EBP=0019FF80  ESP=0019FF74
				  EIP=00403687  EFL=00000202  CF=0  SF=0  ZF=0  OF=0  AF=0  PF=0


				  EAX=00000020  EBX=0027A000  ECX=0000000F  EDX=0040100A
				  ESI=0000000C  EDI=0000000D  EBP=0019FF80  ESP=0019FF74
				  EIP=00403687  EFL=00000202  CF=0  SF=0  ZF=0  OF=0  AF=0  PF=0


				  EAX=00000073  EBX=0027A000  ECX=0000000E  EDX=0040100A
				  ESI=0000000D  EDI=0000000C  EBP=0019FF80  ESP=0019FF74
				  EIP=00403687  EFL=00000206  CF=0  SF=0  ZF=0  OF=0  AF=0  PF=1


				  EAX=0000006F  EBX=0027A000  ECX=0000000D  EDX=0040100A
				  ESI=0000000E  EDI=0000000B  EBP=0019FF80  ESP=0019FF74
				  EIP=00403687  EFL=00000202  CF=0  SF=0  ZF=0  OF=0  AF=0  PF=0


				  EAX=00000075  EBX=0027A000  ECX=0000000C  EDX=0040100A
				  ESI=0000000F  EDI=0000000A  EBP=0019FF80  ESP=0019FF74
				  EIP=00403687  EFL=00000206  CF=0  SF=0  ZF=0  OF=0  AF=0  PF=1


				  EAX=00000072  EBX=0027A000  ECX=0000000B  EDX=0040100A
				  ESI=00000010  EDI=00000009  EBP=0019FF80  ESP=0019FF74
				  EIP=00403687  EFL=00000206  CF=0  SF=0  ZF=0  OF=0  AF=0  PF=1


				  EAX=00000063  EBX=0027A000  ECX=0000000A  EDX=0040100A
				  ESI=00000011  EDI=00000008  EBP=0019FF80  ESP=0019FF74
				  EIP=00403687  EFL=00000202  CF=0  SF=0  ZF=0  OF=0  AF=0  PF=0


				  EAX=00000065  EBX=0027A000  ECX=00000009  EDX=0040100A
				  ESI=00000012  EDI=00000007  EBP=0019FF80  ESP=0019FF74
				  EIP=00403687  EFL=00000202  CF=0  SF=0  ZF=0  OF=0  AF=0  PF=0


				  EAX=00000020  EBX=0027A000  ECX=00000008  EDX=0040100A
				  ESI=00000013  EDI=00000006  EBP=0019FF80  ESP=0019FF74
				  EIP=00403687  EFL=00000206  CF=0  SF=0  ZF=0  OF=0  AF=0  PF=1


				  EAX=00000073  EBX=0027A000  ECX=00000007  EDX=0040100A
				  ESI=00000014  EDI=00000005  EBP=0019FF80  ESP=0019FF74
				  EIP=00403687  EFL=00000206  CF=0  SF=0  ZF=0  OF=0  AF=0  PF=1


				  EAX=00000074  EBX=0027A000  ECX=00000006  EDX=0040100A
				  ESI=00000015  EDI=00000004  EBP=0019FF80  ESP=0019FF74
				  EIP=00403687  EFL=00000202  CF=0  SF=0  ZF=0  OF=0  AF=0  PF=0


				  EAX=00000072  EBX=0027A000  ECX=00000005  EDX=0040100A
				  ESI=00000016  EDI=00000003  EBP=0019FF80  ESP=0019FF74
				  EIP=00403687  EFL=00000206  CF=0  SF=0  ZF=0  OF=0  AF=0  PF=1


				  EAX=00000069  EBX=0027A000  ECX=00000004  EDX=0040100A
				  ESI=00000017  EDI=00000002  EBP=0019FF80  ESP=0019FF74
				  EIP=00403687  EFL=00000202  CF=0  SF=0  ZF=0  OF=0  AF=0  PF=0


				  EAX=0000006E  EBX=0027A000  ECX=00000003  EDX=0040100A
				  ESI=00000018  EDI=00000001  EBP=0019FF80  ESP=0019FF74
				  EIP=00403687  EFL=00000202  CF=0  SF=0  ZF=0  OF=0  AF=0  PF=0


				  EAX=00000067  EBX=0027A000  ECX=00000002  EDX=0040100A
				  ESI=00000019  EDI=00000000  EBP=0019FF80  ESP=0019FF74
				  EIP=00403687  EFL=00000246  CF=0  SF=0  ZF=1  OF=0  AF=0  PF=1


				  EAX=00000000  EBX=0027A000  ECX=00000001  EDX=0040100A
				  ESI=0000001A  EDI=FFFFFFFF  EBP=0019FF80  ESP=0019FF74
				  EIP=00403687  EFL=00000296  CF=0  SF=1  ZF=0  OF=0  AF=1  PF=1


				  EAX=00000067  EBX=0027A067  ECX=00000019  EDX=00000004
				  ESI=00000000  EDI=FFFFFFFF  EBP=0019FF80  ESP=0019FF74
				  EIP=004036B2  EFL=00000296  CF=0  SF=1  ZF=0  OF=0  AF=1  PF=1


				  EAX=0000006E  EBX=0027A06E  ECX=00000018  EDX=00000004
				  ESI=00000001  EDI=FFFFFFFF  EBP=0019FF80  ESP=0019FF74
				  EIP=004036B2  EFL=00000202  CF=0  SF=0  ZF=0  OF=0  AF=0  PF=0


				  EAX=00000069  EBX=0027A069  ECX=00000017  EDX=00000004
				  ESI=00000002  EDI=FFFFFFFF  EBP=0019FF80  ESP=0019FF74
				  EIP=004036B2  EFL=00000202  CF=0  SF=0  ZF=0  OF=0  AF=0  PF=0


				  EAX=00000072  EBX=0027A072  ECX=00000016  EDX=00000004
				  ESI=00000003  EDI=FFFFFFFF  EBP=0019FF80  ESP=0019FF74
				  EIP=004036B2  EFL=00000206  CF=0  SF=0  ZF=0  OF=0  AF=0  PF=1


				  EAX=00000074  EBX=0027A074  ECX=00000015  EDX=00000004
				  ESI=00000004  EDI=FFFFFFFF  EBP=0019FF80  ESP=0019FF74
				  EIP=004036B2  EFL=00000202  CF=0  SF=0  ZF=0  OF=0  AF=0  PF=0


				  EAX=00000073  EBX=0027A073  ECX=00000014  EDX=00000004
				  ESI=00000005  EDI=FFFFFFFF  EBP=0019FF80  ESP=0019FF74
				  EIP=004036B2  EFL=00000206  CF=0  SF=0  ZF=0  OF=0  AF=0  PF=1


				  EAX=00000020  EBX=0027A020  ECX=00000013  EDX=00000004
				  ESI=00000006  EDI=FFFFFFFF  EBP=0019FF80  ESP=0019FF74
				  EIP=004036B2  EFL=00000206  CF=0  SF=0  ZF=0  OF=0  AF=0  PF=1


				  EAX=00000065  EBX=0027A065  ECX=00000012  EDX=00000004
				  ESI=00000007  EDI=FFFFFFFF  EBP=0019FF80  ESP=0019FF74
				  EIP=004036B2  EFL=00000202  CF=0  SF=0  ZF=0  OF=0  AF=0  PF=0


				  EAX=00000063  EBX=0027A063  ECX=00000011  EDX=00000004
				  ESI=00000008  EDI=FFFFFFFF  EBP=0019FF80  ESP=0019FF74
				  EIP=004036B2  EFL=00000202  CF=0  SF=0  ZF=0  OF=0  AF=0  PF=0


				  EAX=00000072  EBX=0027A072  ECX=00000010  EDX=00000004
				  ESI=00000009  EDI=FFFFFFFF  EBP=0019FF80  ESP=0019FF74
				  EIP=004036B2  EFL=00000206  CF=0  SF=0  ZF=0  OF=0  AF=0  PF=1


				  EAX=00000075  EBX=0027A075  ECX=0000000F  EDX=00000004
				  ESI=0000000A  EDI=FFFFFFFF  EBP=0019FF80  ESP=0019FF74
				  EIP=004036B2  EFL=00000206  CF=0  SF=0  ZF=0  OF=0  AF=0  PF=1


				  EAX=0000006F  EBX=0027A06F  ECX=0000000E  EDX=00000004
				  ESI=0000000B  EDI=FFFFFFFF  EBP=0019FF80  ESP=0019FF74
				  EIP=004036B2  EFL=00000202  CF=0  SF=0  ZF=0  OF=0  AF=0  PF=0


				  EAX=00000073  EBX=0027A073  ECX=0000000D  EDX=00000004
				  ESI=0000000C  EDI=FFFFFFFF  EBP=0019FF80  ESP=0019FF74
				  EIP=004036B2  EFL=00000206  CF=0  SF=0  ZF=0  OF=0  AF=0  PF=1


				  EAX=00000020  EBX=0027A020  ECX=0000000C  EDX=00000004
				  ESI=0000000D  EDI=FFFFFFFF  EBP=0019FF80  ESP=0019FF74
				  EIP=004036B2  EFL=00000202  CF=0  SF=0  ZF=0  OF=0  AF=0  PF=0


				  EAX=00000065  EBX=0027A065  ECX=0000000B  EDX=00000004
				  ESI=0000000E  EDI=FFFFFFFF  EBP=0019FF80  ESP=0019FF74
				  EIP=004036B2  EFL=00000202  CF=0  SF=0  ZF=0  OF=0  AF=0  PF=0


				  EAX=00000068  EBX=0027A068  ECX=0000000A  EDX=00000004
				  ESI=0000000F  EDI=FFFFFFFF  EBP=0019FF80  ESP=0019FF74
				  EIP=004036B2  EFL=00000206  CF=0  SF=0  ZF=0  OF=0  AF=0  PF=1


				  EAX=00000074  EBX=0027A074  ECX=00000009  EDX=00000004
				  ESI=00000010  EDI=FFFFFFFF  EBP=0019FF80  ESP=0019FF74
				  EIP=004036B2  EFL=00000212  CF=0  SF=0  ZF=0  OF=0  AF=1  PF=0


				  EAX=00000020  EBX=0027A020  ECX=00000008  EDX=00000004
				  ESI=00000011  EDI=FFFFFFFF  EBP=0019FF80  ESP=0019FF74
				  EIP=004036B2  EFL=00000206  CF=0  SF=0  ZF=0  OF=0  AF=0  PF=1


				  EAX=00000073  EBX=0027A073  ECX=00000007  EDX=00000004
				  ESI=00000012  EDI=FFFFFFFF  EBP=0019FF80  ESP=0019FF74
				  EIP=004036B2  EFL=00000206  CF=0  SF=0  ZF=0  OF=0  AF=0  PF=1


				  EAX=00000069  EBX=0027A069  ECX=00000006  EDX=00000004
				  ESI=00000013  EDI=FFFFFFFF  EBP=0019FF80  ESP=0019FF74
				  EIP=004036B2  EFL=00000202  CF=0  SF=0  ZF=0  OF=0  AF=0  PF=0


				  EAX=00000020  EBX=0027A020  ECX=00000005  EDX=00000004
				  ESI=00000014  EDI=FFFFFFFF  EBP=0019FF80  ESP=0019FF74
				  EIP=004036B2  EFL=00000206  CF=0  SF=0  ZF=0  OF=0  AF=0  PF=1


				  EAX=00000073  EBX=0027A073  ECX=00000004  EDX=00000004
				  ESI=00000015  EDI=FFFFFFFF  EBP=0019FF80  ESP=0019FF74
				  EIP=004036B2  EFL=00000202  CF=0  SF=0  ZF=0  OF=0  AF=0  PF=0


				  EAX=00000069  EBX=0027A069  ECX=00000003  EDX=00000004
				  ESI=00000016  EDI=FFFFFFFF  EBP=0019FF80  ESP=0019FF74
				  EIP=004036B2  EFL=00000202  CF=0  SF=0  ZF=0  OF=0  AF=0  PF=0


				  EAX=00000068  EBX=0027A068  ECX=00000002  EDX=00000004
				  ESI=00000017  EDI=FFFFFFFF  EBP=0019FF80  ESP=0019FF74
				  EIP=004036B2  EFL=00000206  CF=0  SF=0  ZF=0  OF=0  AF=0  PF=1


				  EAX=00000054  EBX=0027A054  ECX=00000001  EDX=00000004
				  ESI=00000018  EDI=FFFFFFFF  EBP=0019FF80  ESP=0019FF74
				  EIP=004036B2  EFL=00000206  CF=0  SF=0  ZF=0  OF=0  AF=0  PF=1


				  EAX=00000054  EBX=0027A054  ECX=00000000  EDX=00000004
				  ESI=00000019  EDI=FFFFFFFF  EBP=0019FF80  ESP=0019FF74
				  EIP=004036C0  EFL=00000202  CF=0  SF=0  ZF=0  OF=0  AF=0  PF=0


				  EAX=00000000  EBX=0027A000  ECX=00000019  EDX=00000003
				  ESI=00000000  EDI=FFFFFFFF  EBP=0019FF80  ESP=0019FF74
				  EIP=004036B2  EFL=00000202  CF=0  SF=0  ZF=0  OF=0  AF=0  PF=0


				  EAX=00000067  EBX=0027A067  ECX=00000018  EDX=00000003
				  ESI=00000001  EDI=FFFFFFFF  EBP=0019FF80  ESP=0019FF74
				  EIP=004036B2  EFL=00000202  CF=0  SF=0  ZF=0  OF=0  AF=0  PF=0


				  EAX=0000006E  EBX=0027A06E  ECX=00000017  EDX=00000003
				  ESI=00000002  EDI=FFFFFFFF  EBP=0019FF80  ESP=0019FF74
				  EIP=004036B2  EFL=00000202  CF=0  SF=0  ZF=0  OF=0  AF=0  PF=0


				  EAX=00000069  EBX=0027A069  ECX=00000016  EDX=00000003
				  ESI=00000003  EDI=FFFFFFFF  EBP=0019FF80  ESP=0019FF74
				  EIP=004036B2  EFL=00000206  CF=0  SF=0  ZF=0  OF=0  AF=0  PF=1


				  EAX=00000072  EBX=0027A072  ECX=00000015  EDX=00000003
				  ESI=00000004  EDI=FFFFFFFF  EBP=0019FF80  ESP=0019FF74
				  EIP=004036B2  EFL=00000202  CF=0  SF=0  ZF=0  OF=0  AF=0  PF=0


				  EAX=00000074  EBX=0027A074  ECX=00000014  EDX=00000003
				  ESI=00000005  EDI=FFFFFFFF  EBP=0019FF80  ESP=0019FF74
				  EIP=004036B2  EFL=00000206  CF=0  SF=0  ZF=0  OF=0  AF=0  PF=1


				  EAX=00000073  EBX=0027A073  ECX=00000013  EDX=00000003
				  ESI=00000006  EDI=FFFFFFFF  EBP=0019FF80  ESP=0019FF74
				  EIP=004036B2  EFL=00000206  CF=0  SF=0  ZF=0  OF=0  AF=0  PF=1


				  EAX=00000020  EBX=0027A020  ECX=00000012  EDX=00000003
				  ESI=00000007  EDI=FFFFFFFF  EBP=0019FF80  ESP=0019FF74
				  EIP=004036B2  EFL=00000202  CF=0  SF=0  ZF=0  OF=0  AF=0  PF=0


				  EAX=00000065  EBX=0027A065  ECX=00000011  EDX=00000003
				  ESI=00000008  EDI=FFFFFFFF  EBP=0019FF80  ESP=0019FF74
				  EIP=004036B2  EFL=00000202  CF=0  SF=0  ZF=0  OF=0  AF=0  PF=0


				  EAX=00000063  EBX=0027A063  ECX=00000010  EDX=00000003
				  ESI=00000009  EDI=FFFFFFFF  EBP=0019FF80  ESP=0019FF74
				  EIP=004036B2  EFL=00000206  CF=0  SF=0  ZF=0  OF=0  AF=0  PF=1


				  EAX=00000072  EBX=0027A072  ECX=0000000F  EDX=00000003
				  ESI=0000000A  EDI=FFFFFFFF  EBP=0019FF80  ESP=0019FF74
				  EIP=004036B2  EFL=00000206  CF=0  SF=0  ZF=0  OF=0  AF=0  PF=1


				  EAX=00000075  EBX=0027A075  ECX=0000000E  EDX=00000003
				  ESI=0000000B  EDI=FFFFFFFF  EBP=0019FF80  ESP=0019FF74
				  EIP=004036B2  EFL=00000202  CF=0  SF=0  ZF=0  OF=0  AF=0  PF=0


				  EAX=0000006F  EBX=0027A06F  ECX=0000000D  EDX=00000003
				  ESI=0000000C  EDI=FFFFFFFF  EBP=0019FF80  ESP=0019FF74
				  EIP=004036B2  EFL=00000206  CF=0  SF=0  ZF=0  OF=0  AF=0  PF=1


				  EAX=00000073  EBX=0027A073  ECX=0000000C  EDX=00000003
				  ESI=0000000D  EDI=FFFFFFFF  EBP=0019FF80  ESP=0019FF74
				  EIP=004036B2  EFL=00000202  CF=0  SF=0  ZF=0  OF=0  AF=0  PF=0


				  EAX=00000020  EBX=0027A020  ECX=0000000B  EDX=00000003
				  ESI=0000000E  EDI=FFFFFFFF  EBP=0019FF80  ESP=0019FF74
				  EIP=004036B2  EFL=00000202  CF=0  SF=0  ZF=0  OF=0  AF=0  PF=0


				  EAX=00000065  EBX=0027A065  ECX=0000000A  EDX=00000003
				  ESI=0000000F  EDI=FFFFFFFF  EBP=0019FF80  ESP=0019FF74
				  EIP=004036B2  EFL=00000206  CF=0  SF=0  ZF=0  OF=0  AF=0  PF=1


				  EAX=00000068  EBX=0027A068  ECX=00000009  EDX=00000003
				  ESI=00000010  EDI=FFFFFFFF  EBP=0019FF80  ESP=0019FF74
				  EIP=004036B2  EFL=00000212  CF=0  SF=0  ZF=0  OF=0  AF=1  PF=0


				  EAX=00000074  EBX=0027A074  ECX=00000008  EDX=00000003
				  ESI=00000011  EDI=FFFFFFFF  EBP=0019FF80  ESP=0019FF74
				  EIP=004036B2  EFL=00000206  CF=0  SF=0  ZF=0  OF=0  AF=0  PF=1


				  EAX=00000020  EBX=0027A020  ECX=00000007  EDX=00000003
				  ESI=00000012  EDI=FFFFFFFF  EBP=0019FF80  ESP=0019FF74
				  EIP=004036B2  EFL=00000206  CF=0  SF=0  ZF=0  OF=0  AF=0  PF=1


				  EAX=00000073  EBX=0027A073  ECX=00000006  EDX=00000003
				  ESI=00000013  EDI=FFFFFFFF  EBP=0019FF80  ESP=0019FF74
				  EIP=004036B2  EFL=00000202  CF=0  SF=0  ZF=0  OF=0  AF=0  PF=0


				  EAX=00000069  EBX=0027A069  ECX=00000005  EDX=00000003
				  ESI=00000014  EDI=FFFFFFFF  EBP=0019FF80  ESP=0019FF74
				  EIP=004036B2  EFL=00000206  CF=0  SF=0  ZF=0  OF=0  AF=0  PF=1


				  EAX=00000020  EBX=0027A020  ECX=00000004  EDX=00000003
				  ESI=00000015  EDI=FFFFFFFF  EBP=0019FF80  ESP=0019FF74
				  EIP=004036B2  EFL=00000202  CF=0  SF=0  ZF=0  OF=0  AF=0  PF=0


				  EAX=00000073  EBX=0027A073  ECX=00000003  EDX=00000003
				  ESI=00000016  EDI=FFFFFFFF  EBP=0019FF80  ESP=0019FF74
				  EIP=004036B2  EFL=00000202  CF=0  SF=0  ZF=0  OF=0  AF=0  PF=0


				  EAX=00000069  EBX=0027A069  ECX=00000002  EDX=00000003
				  ESI=00000017  EDI=FFFFFFFF  EBP=0019FF80  ESP=0019FF74
				  EIP=004036B2  EFL=00000206  CF=0  SF=0  ZF=0  OF=0  AF=0  PF=1


				  EAX=00000068  EBX=0027A068  ECX=00000001  EDX=00000003
				  ESI=00000018  EDI=FFFFFFFF  EBP=0019FF80  ESP=0019FF74
				  EIP=004036B2  EFL=00000206  CF=0  SF=0  ZF=0  OF=0  AF=0  PF=1


				  EAX=00000068  EBX=0027A068  ECX=00000000  EDX=00000003
				  ESI=00000019  EDI=FFFFFFFF  EBP=0019FF80  ESP=0019FF74
				  EIP=004036C0  EFL=00000202  CF=0  SF=0  ZF=0  OF=0  AF=0  PF=0


				  EAX=00000054  EBX=0027A054  ECX=00000019  EDX=00000002
				  ESI=00000000  EDI=FFFFFFFF  EBP=0019FF80  ESP=0019FF74
				  EIP=004036B2  EFL=00000202  CF=0  SF=0  ZF=0  OF=0  AF=0  PF=0


				  EAX=00000000  EBX=0027A000  ECX=00000018  EDX=00000002
				  ESI=00000001  EDI=FFFFFFFF  EBP=0019FF80  ESP=0019FF74
				  EIP=004036B2  EFL=00000202  CF=0  SF=0  ZF=0  OF=0  AF=0  PF=0


				  EAX=00000067  EBX=0027A067  ECX=00000017  EDX=00000002
				  ESI=00000002  EDI=FFFFFFFF  EBP=0019FF80  ESP=0019FF74
				  EIP=004036B2  EFL=00000202  CF=0  SF=0  ZF=0  OF=0  AF=0  PF=0


				  EAX=0000006E  EBX=0027A06E  ECX=00000016  EDX=00000002
				  ESI=00000003  EDI=FFFFFFFF  EBP=0019FF80  ESP=0019FF74
				  EIP=004036B2  EFL=00000206  CF=0  SF=0  ZF=0  OF=0  AF=0  PF=1


				  EAX=00000069  EBX=0027A069  ECX=00000015  EDX=00000002
				  ESI=00000004  EDI=FFFFFFFF  EBP=0019FF80  ESP=0019FF74
				  EIP=004036B2  EFL=00000202  CF=0  SF=0  ZF=0  OF=0  AF=0  PF=0


				  EAX=00000072  EBX=0027A072  ECX=00000014  EDX=00000002
				  ESI=00000005  EDI=FFFFFFFF  EBP=0019FF80  ESP=0019FF74
				  EIP=004036B2  EFL=00000206  CF=0  SF=0  ZF=0  OF=0  AF=0  PF=1


				  EAX=00000074  EBX=0027A074  ECX=00000013  EDX=00000002
				  ESI=00000006  EDI=FFFFFFFF  EBP=0019FF80  ESP=0019FF74
				  EIP=004036B2  EFL=00000206  CF=0  SF=0  ZF=0  OF=0  AF=0  PF=1


				  EAX=00000073  EBX=0027A073  ECX=00000012  EDX=00000002
				  ESI=00000007  EDI=FFFFFFFF  EBP=0019FF80  ESP=0019FF74
				  EIP=004036B2  EFL=00000202  CF=0  SF=0  ZF=0  OF=0  AF=0  PF=0


				  EAX=00000020  EBX=0027A020  ECX=00000011  EDX=00000002
				  ESI=00000008  EDI=FFFFFFFF  EBP=0019FF80  ESP=0019FF74
				  EIP=004036B2  EFL=00000202  CF=0  SF=0  ZF=0  OF=0  AF=0  PF=0


				  EAX=00000065  EBX=0027A065  ECX=00000010  EDX=00000002
				  ESI=00000009  EDI=FFFFFFFF  EBP=0019FF80  ESP=0019FF74
				  EIP=004036B2  EFL=00000206  CF=0  SF=0  ZF=0  OF=0  AF=0  PF=1


				  EAX=00000063  EBX=0027A063  ECX=0000000F  EDX=00000002
				  ESI=0000000A  EDI=FFFFFFFF  EBP=0019FF80  ESP=0019FF74
				  EIP=004036B2  EFL=00000206  CF=0  SF=0  ZF=0  OF=0  AF=0  PF=1


				  EAX=00000072  EBX=0027A072  ECX=0000000E  EDX=00000002
				  ESI=0000000B  EDI=FFFFFFFF  EBP=0019FF80  ESP=0019FF74
				  EIP=004036B2  EFL=00000202  CF=0  SF=0  ZF=0  OF=0  AF=0  PF=0


				  EAX=00000075  EBX=0027A075  ECX=0000000D  EDX=00000002
				  ESI=0000000C  EDI=FFFFFFFF  EBP=0019FF80  ESP=0019FF74
				  EIP=004036B2  EFL=00000206  CF=0  SF=0  ZF=0  OF=0  AF=0  PF=1


				  EAX=0000006F  EBX=0027A06F  ECX=0000000C  EDX=00000002
				  ESI=0000000D  EDI=FFFFFFFF  EBP=0019FF80  ESP=0019FF74
				  EIP=004036B2  EFL=00000202  CF=0  SF=0  ZF=0  OF=0  AF=0  PF=0


				  EAX=00000073  EBX=0027A073  ECX=0000000B  EDX=00000002
				  ESI=0000000E  EDI=FFFFFFFF  EBP=0019FF80  ESP=0019FF74
				  EIP=004036B2  EFL=00000202  CF=0  SF=0  ZF=0  OF=0  AF=0  PF=0


				  EAX=00000020  EBX=0027A020  ECX=0000000A  EDX=00000002
				  ESI=0000000F  EDI=FFFFFFFF  EBP=0019FF80  ESP=0019FF74
				  EIP=004036B2  EFL=00000206  CF=0  SF=0  ZF=0  OF=0  AF=0  PF=1


				  EAX=00000065  EBX=0027A065  ECX=00000009  EDX=00000002
				  ESI=00000010  EDI=FFFFFFFF  EBP=0019FF80  ESP=0019FF74
				  EIP=004036B2  EFL=00000212  CF=0  SF=0  ZF=0  OF=0  AF=1  PF=0


				  EAX=00000068  EBX=0027A068  ECX=00000008  EDX=00000002
				  ESI=00000011  EDI=FFFFFFFF  EBP=0019FF80  ESP=0019FF74
				  EIP=004036B2  EFL=00000206  CF=0  SF=0  ZF=0  OF=0  AF=0  PF=1


				  EAX=00000074  EBX=0027A074  ECX=00000007  EDX=00000002
				  ESI=00000012  EDI=FFFFFFFF  EBP=0019FF80  ESP=0019FF74
				  EIP=004036B2  EFL=00000206  CF=0  SF=0  ZF=0  OF=0  AF=0  PF=1


				  EAX=00000020  EBX=0027A020  ECX=00000006  EDX=00000002
				  ESI=00000013  EDI=FFFFFFFF  EBP=0019FF80  ESP=0019FF74
				  EIP=004036B2  EFL=00000202  CF=0  SF=0  ZF=0  OF=0  AF=0  PF=0


				  EAX=00000073  EBX=0027A073  ECX=00000005  EDX=00000002
				  ESI=00000014  EDI=FFFFFFFF  EBP=0019FF80  ESP=0019FF74
				  EIP=004036B2  EFL=00000206  CF=0  SF=0  ZF=0  OF=0  AF=0  PF=1


				  EAX=00000069  EBX=0027A069  ECX=00000004  EDX=00000002
				  ESI=00000015  EDI=FFFFFFFF  EBP=0019FF80  ESP=0019FF74
				  EIP=004036B2  EFL=00000202  CF=0  SF=0  ZF=0  OF=0  AF=0  PF=0


				  EAX=00000020  EBX=0027A020  ECX=00000003  EDX=00000002
				  ESI=00000016  EDI=FFFFFFFF  EBP=0019FF80  ESP=0019FF74
				  EIP=004036B2  EFL=00000202  CF=0  SF=0  ZF=0  OF=0  AF=0  PF=0


				  EAX=00000073  EBX=0027A073  ECX=00000002  EDX=00000002
				  ESI=00000017  EDI=FFFFFFFF  EBP=0019FF80  ESP=0019FF74
				  EIP=004036B2  EFL=00000206  CF=0  SF=0  ZF=0  OF=0  AF=0  PF=1


				  EAX=00000069  EBX=0027A069  ECX=00000001  EDX=00000002
				  ESI=00000018  EDI=FFFFFFFF  EBP=0019FF80  ESP=0019FF74
				  EIP=004036B2  EFL=00000206  CF=0  SF=0  ZF=0  OF=0  AF=0  PF=1


				  EAX=00000069  EBX=0027A069  ECX=00000000  EDX=00000002
				  ESI=00000019  EDI=FFFFFFFF  EBP=0019FF80  ESP=0019FF74
				  EIP=004036C0  EFL=00000202  CF=0  SF=0  ZF=0  OF=0  AF=0  PF=0


				  EAX=00000068  EBX=0027A068  ECX=00000019  EDX=00000001
				  ESI=00000000  EDI=FFFFFFFF  EBP=0019FF80  ESP=0019FF74
				  EIP=004036B2  EFL=00000202  CF=0  SF=0  ZF=0  OF=0  AF=0  PF=0


				  EAX=00000054  EBX=0027A054  ECX=00000018  EDX=00000001
				  ESI=00000001  EDI=FFFFFFFF  EBP=0019FF80  ESP=0019FF74
				  EIP=004036B2  EFL=00000202  CF=0  SF=0  ZF=0  OF=0  AF=0  PF=0


				  EAX=00000000  EBX=0027A000  ECX=00000017  EDX=00000001
				  ESI=00000002  EDI=FFFFFFFF  EBP=0019FF80  ESP=0019FF74
				  EIP=004036B2  EFL=00000202  CF=0  SF=0  ZF=0  OF=0  AF=0  PF=0


				  EAX=00000067  EBX=0027A067  ECX=00000016  EDX=00000001
				  ESI=00000003  EDI=FFFFFFFF  EBP=0019FF80  ESP=0019FF74
				  EIP=004036B2  EFL=00000206  CF=0  SF=0  ZF=0  OF=0  AF=0  PF=1


				  EAX=0000006E  EBX=0027A06E  ECX=00000015  EDX=00000001
				  ESI=00000004  EDI=FFFFFFFF  EBP=0019FF80  ESP=0019FF74
				  EIP=004036B2  EFL=00000202  CF=0  SF=0  ZF=0  OF=0  AF=0  PF=0


				  EAX=00000069  EBX=0027A069  ECX=00000014  EDX=00000001
				  ESI=00000005  EDI=FFFFFFFF  EBP=0019FF80  ESP=0019FF74
				  EIP=004036B2  EFL=00000206  CF=0  SF=0  ZF=0  OF=0  AF=0  PF=1


				  EAX=00000072  EBX=0027A072  ECX=00000013  EDX=00000001
				  ESI=00000006  EDI=FFFFFFFF  EBP=0019FF80  ESP=0019FF74
				  EIP=004036B2  EFL=00000206  CF=0  SF=0  ZF=0  OF=0  AF=0  PF=1


				  EAX=00000074  EBX=0027A074  ECX=00000012  EDX=00000001
				  ESI=00000007  EDI=FFFFFFFF  EBP=0019FF80  ESP=0019FF74
				  EIP=004036B2  EFL=00000202  CF=0  SF=0  ZF=0  OF=0  AF=0  PF=0


				  EAX=00000073  EBX=0027A073  ECX=00000011  EDX=00000001
				  ESI=00000008  EDI=FFFFFFFF  EBP=0019FF80  ESP=0019FF74
				  EIP=004036B2  EFL=00000202  CF=0  SF=0  ZF=0  OF=0  AF=0  PF=0


				  EAX=00000020  EBX=0027A020  ECX=00000010  EDX=00000001
				  ESI=00000009  EDI=FFFFFFFF  EBP=0019FF80  ESP=0019FF74
				  EIP=004036B2  EFL=00000206  CF=0  SF=0  ZF=0  OF=0  AF=0  PF=1


				  EAX=00000065  EBX=0027A065  ECX=0000000F  EDX=00000001
				  ESI=0000000A  EDI=FFFFFFFF  EBP=0019FF80  ESP=0019FF74
				  EIP=004036B2  EFL=00000206  CF=0  SF=0  ZF=0  OF=0  AF=0  PF=1


				  EAX=00000063  EBX=0027A063  ECX=0000000E  EDX=00000001
				  ESI=0000000B  EDI=FFFFFFFF  EBP=0019FF80  ESP=0019FF74
				  EIP=004036B2  EFL=00000202  CF=0  SF=0  ZF=0  OF=0  AF=0  PF=0


				  EAX=00000072  EBX=0027A072  ECX=0000000D  EDX=00000001
				  ESI=0000000C  EDI=FFFFFFFF  EBP=0019FF80  ESP=0019FF74
				  EIP=004036B2  EFL=00000206  CF=0  SF=0  ZF=0  OF=0  AF=0  PF=1


				  EAX=00000075  EBX=0027A075  ECX=0000000C  EDX=00000001
				  ESI=0000000D  EDI=FFFFFFFF  EBP=0019FF80  ESP=0019FF74
				  EIP=004036B2  EFL=00000202  CF=0  SF=0  ZF=0  OF=0  AF=0  PF=0


				  EAX=0000006F  EBX=0027A06F  ECX=0000000B  EDX=00000001
				  ESI=0000000E  EDI=FFFFFFFF  EBP=0019FF80  ESP=0019FF74
				  EIP=004036B2  EFL=00000202  CF=0  SF=0  ZF=0  OF=0  AF=0  PF=0


				  EAX=00000073  EBX=0027A073  ECX=0000000A  EDX=00000001
				  ESI=0000000F  EDI=FFFFFFFF  EBP=0019FF80  ESP=0019FF74
				  EIP=004036B2  EFL=00000206  CF=0  SF=0  ZF=0  OF=0  AF=0  PF=1


				  EAX=00000020  EBX=0027A020  ECX=00000009  EDX=00000001
				  ESI=00000010  EDI=FFFFFFFF  EBP=0019FF80  ESP=0019FF74
				  EIP=004036B2  EFL=00000212  CF=0  SF=0  ZF=0  OF=0  AF=1  PF=0


				  EAX=00000065  EBX=0027A065  ECX=00000008  EDX=00000001
				  ESI=00000011  EDI=FFFFFFFF  EBP=0019FF80  ESP=0019FF74
				  EIP=004036B2  EFL=00000206  CF=0  SF=0  ZF=0  OF=0  AF=0  PF=1


				  EAX=00000068  EBX=0027A068  ECX=00000007  EDX=00000001
				  ESI=00000012  EDI=FFFFFFFF  EBP=0019FF80  ESP=0019FF74
				  EIP=004036B2  EFL=00000206  CF=0  SF=0  ZF=0  OF=0  AF=0  PF=1


				  EAX=00000074  EBX=0027A074  ECX=00000006  EDX=00000001
				  ESI=00000013  EDI=FFFFFFFF  EBP=0019FF80  ESP=0019FF74
				  EIP=004036B2  EFL=00000202  CF=0  SF=0  ZF=0  OF=0  AF=0  PF=0


				  EAX=00000020  EBX=0027A020  ECX=00000005  EDX=00000001
				  ESI=00000014  EDI=FFFFFFFF  EBP=0019FF80  ESP=0019FF74
				  EIP=004036B2  EFL=00000206  CF=0  SF=0  ZF=0  OF=0  AF=0  PF=1


				  EAX=00000073  EBX=0027A073  ECX=00000004  EDX=00000001
				  ESI=00000015  EDI=FFFFFFFF  EBP=0019FF80  ESP=0019FF74
				  EIP=004036B2  EFL=00000202  CF=0  SF=0  ZF=0  OF=0  AF=0  PF=0


				  EAX=00000069  EBX=0027A069  ECX=00000003  EDX=00000001
				  ESI=00000016  EDI=FFFFFFFF  EBP=0019FF80  ESP=0019FF74
				  EIP=004036B2  EFL=00000202  CF=0  SF=0  ZF=0  OF=0  AF=0  PF=0


				  EAX=00000020  EBX=0027A020  ECX=00000002  EDX=00000001
				  ESI=00000017  EDI=FFFFFFFF  EBP=0019FF80  ESP=0019FF74
				  EIP=004036B2  EFL=00000206  CF=0  SF=0  ZF=0  OF=0  AF=0  PF=1


				  EAX=00000073  EBX=0027A073  ECX=00000001  EDX=00000001
				  ESI=00000018  EDI=FFFFFFFF  EBP=0019FF80  ESP=0019FF74
				  EIP=004036B2  EFL=00000206  CF=0  SF=0  ZF=0  OF=0  AF=0  PF=1


				  EAX=00000073  EBX=0027A073  ECX=00000000  EDX=00000001
				  ESI=00000019  EDI=FFFFFFFF  EBP=0019FF80  ESP=0019FF74
				  EIP=004036C0  EFL=00000202  CF=0  SF=0  ZF=0  OF=0  AF=0  PF=0


!
Microsoft (R) Macro Assembler Version 14.16.27039.0	    05/13/20 13:14:57
AddTwo.asm						     Symbols 2 - 1




Structures and Unions:

                N a m e                  Size
                                         Offset      Type

CONSOLE_CURSOR_INFO  . . . . . .	 00000008
  dwSize . . . . . . . . . . . .	 00000000	 DWord
  bVisible . . . . . . . . . . .	 00000004	 DWord
CONSOLE_SCREEN_BUFFER_INFO . . .	 00000016
  dwSize . . . . . . . . . . . .	 00000000	 DWord
  dwCursorPosition . . . . . . .	 00000004	 DWord
  wAttributes  . . . . . . . . .	 00000008	 Word
  srWindow . . . . . . . . . . .	 0000000A	 QWord
  dwMaximumWindowSize  . . . . .	 00000012	 DWord
COORD  . . . . . . . . . . . . .	 00000004
  X  . . . . . . . . . . . . . .	 00000000	 Word
  Y  . . . . . . . . . . . . . .	 00000002	 Word
FILETIME . . . . . . . . . . . .	 00000008
  loDateTime . . . . . . . . . .	 00000000	 DWord
  hiDateTime . . . . . . . . . .	 00000004	 DWord
FOCUS_EVENT_RECORD . . . . . . .	 00000004
  bSetFocus  . . . . . . . . . .	 00000000	 DWord
FPU_ENVIRON  . . . . . . . . . .	 0000001C
  controlWord  . . . . . . . . .	 00000000	 Word
  statusWord . . . . . . . . . .	 00000004	 Word
  tagWord  . . . . . . . . . . .	 00000008	 Word
  instrPointerOffset . . . . . .	 0000000C	 DWord
  instrPointerSelector . . . . .	 00000010	 DWord
  operandPointerOffset . . . . .	 00000014	 DWord
  operandPointerSelector . . . .	 00000018	 Word
INPUT_RECORD . . . . . . . . . .	 00000014
  EventType  . . . . . . . . . .	 00000000	 Word
  Event  . . . . . . . . . . . .	 00000004	 XmmWord
  bKeyDown . . . . . . . . . . .	 00000000	 DWord
  wRepeatCount . . . . . . . . .	 00000004	 Word
  wVirtualKeyCode  . . . . . . .	 00000006	 Word
  wVirtualScanCode . . . . . . .	 00000008	 Word
  uChar  . . . . . . . . . . . .	 0000000A	 Word
  UnicodeChar  . . . . . . . . .	 00000000	 Word
  AsciiChar  . . . . . . . . . .	 00000000	 Byte
  dwControlKeyState  . . . . . .	 0000000C	 DWord
  dwMousePosition  . . . . . . .	 00000000	 DWord
  dwButtonState  . . . . . . . .	 00000004	 DWord
  dwMouseControlKeyState . . . .	 00000008	 DWord
  dwEventFlags . . . . . . . . .	 0000000C	 DWord
  dwSize . . . . . . . . . . . .	 00000000	 DWord
  dwCommandId  . . . . . . . . .	 00000000	 DWord
  bSetFocus  . . . . . . . . . .	 00000000	 DWord
KEY_EVENT_RECORD . . . . . . . .	 00000010
  bKeyDown . . . . . . . . . . .	 00000000	 DWord
  wRepeatCount . . . . . . . . .	 00000004	 Word
  wVirtualKeyCode  . . . . . . .	 00000006	 Word
  wVirtualScanCode . . . . . . .	 00000008	 Word
  uChar  . . . . . . . . . . . .	 0000000A	 Word
  UnicodeChar  . . . . . . . . .	 00000000	 Word
  AsciiChar  . . . . . . . . . .	 00000000	 Byte
  dwControlKeyState  . . . . . .	 0000000C	 DWord
MENU_EVENT_RECORD  . . . . . . .	 00000004
  dwCommandId  . . . . . . . . .	 00000000	 DWord
MOUSE_EVENT_RECORD . . . . . . .	 00000010
  dwMousePosition  . . . . . . .	 00000000	 DWord
  dwButtonState  . . . . . . . .	 00000004	 DWord
  dwMouseControlKeyState . . . .	 00000008	 DWord
  dwEventFlags . . . . . . . . .	 0000000C	 DWord
SMALL_RECT . . . . . . . . . . .	 00000008
  Left . . . . . . . . . . . . .	 00000000	 Word
  Top  . . . . . . . . . . . . .	 00000002	 Word
  Right  . . . . . . . . . . . .	 00000004	 Word
  Bottom . . . . . . . . . . . .	 00000006	 Word
SYSTEMTIME . . . . . . . . . . .	 00000010
  wYear  . . . . . . . . . . . .	 00000000	 Word
  wMonth . . . . . . . . . . . .	 00000002	 Word
  wDayOfWeek . . . . . . . . . .	 00000004	 Word
  wDay . . . . . . . . . . . . .	 00000006	 Word
  wHour  . . . . . . . . . . . .	 00000008	 Word
  wMinute  . . . . . . . . . . .	 0000000A	 Word
  wSecond  . . . . . . . . . . .	 0000000C	 Word
  wMilliseconds  . . . . . . . .	 0000000E	 Word
WINDOW_BUFFER_SIZE_RECORD  . . .	 00000004
  dwSize . . . . . . . . . . . .	 00000000	 DWord


Segments and Groups:

                N a m e                 Size     Length   Align   Combine Class

FLAT . . . . . . . . . . . . . .	GROUP
STACK  . . . . . . . . . . . . .	32 Bit	 00001000 Para	  Stack	  'STACK'	 
_DATA  . . . . . . . . . . . . .	32 Bit	 00000034 Para	  Public  'DATA'	
_TEXT  . . . . . . . . . . . . .	32 Bit	 0000006B Para	  Public  'CODE'	


Procedures, parameters, and locals:

                N a m e                 Type     Value    Attr

CloseFile  . . . . . . . . . . .	P Near	 00000000 FLAT	Length= 00000000 External STDCALL
CloseHandle  . . . . . . . . . .	P Near	 00000000 FLAT	Length= 00000000 External STDCALL
Clrscr . . . . . . . . . . . . .	P Near	 00000000 FLAT	Length= 00000000 External STDCALL
CreateFileA  . . . . . . . . . .	P Near	 00000000 FLAT	Length= 00000000 External STDCALL
CreateOutputFile . . . . . . . .	P Near	 00000000 FLAT	Length= 00000000 External STDCALL
Crlf . . . . . . . . . . . . . .	P Near	 00000000 FLAT	Length= 00000000 External STDCALL
Delay  . . . . . . . . . . . . .	P Near	 00000000 FLAT	Length= 00000000 External STDCALL
DumpMem  . . . . . . . . . . . .	P Near	 00000000 FLAT	Length= 00000000 External STDCALL
DumpRegs . . . . . . . . . . . .	P Near	 00000000 FLAT	Length= 00000000 External STDCALL
ExitProcess  . . . . . . . . . .	P Near	 00000000 FLAT	Length= 00000000 External STDCALL
FileTimeToDosDateTime  . . . . .	P Near	 00000000 FLAT	Length= 00000000 External STDCALL
FileTimeToSystemTime . . . . . .	P Near	 00000000 FLAT	Length= 00000000 External STDCALL
FlushConsoleInputBuffer  . . . .	P Near	 00000000 FLAT	Length= 00000000 External STDCALL
FormatMessageA . . . . . . . . .	P Near	 00000000 FLAT	Length= 00000000 External STDCALL
GetCommandLineA  . . . . . . . .	P Near	 00000000 FLAT	Length= 00000000 External STDCALL
GetCommandTail . . . . . . . . .	P Near	 00000000 FLAT	Length= 00000000 External STDCALL
GetConsoleCP . . . . . . . . . .	P Near	 00000000 FLAT	Length= 00000000 External STDCALL
GetConsoleCursorInfo . . . . . .	P Near	 00000000 FLAT	Length= 00000000 External STDCALL
GetConsoleMode . . . . . . . . .	P Near	 00000000 FLAT	Length= 00000000 External STDCALL
GetConsoleScreenBufferInfo . . .	P Near	 00000000 FLAT	Length= 00000000 External STDCALL
GetDateTime  . . . . . . . . . .	P Near	 00000000 FLAT	Length= 00000000 External STDCALL
GetFileTime  . . . . . . . . . .	P Near	 00000000 FLAT	Length= 00000000 External STDCALL
GetKeyState  . . . . . . . . . .	P Near	 00000000 FLAT	Length= 00000000 External STDCALL
GetLastError . . . . . . . . . .	P Near	 00000000 FLAT	Length= 00000000 External STDCALL
GetLocalTime . . . . . . . . . .	P Near	 00000000 FLAT	Length= 00000000 External STDCALL
GetMaxXY . . . . . . . . . . . .	P Near	 00000000 FLAT	Length= 00000000 External STDCALL
GetMseconds  . . . . . . . . . .	P Near	 00000000 FLAT	Length= 00000000 External STDCALL
GetNumberOfConsoleInputEvents  .	P Near	 00000000 FLAT	Length= 00000000 External STDCALL
GetProcessHeap . . . . . . . . .	P Near	 00000000 FLAT	Length= 00000000 External STDCALL
GetStdHandle . . . . . . . . . .	P Near	 00000000 FLAT	Length= 00000000 External STDCALL
GetSystemTime  . . . . . . . . .	P Near	 00000000 FLAT	Length= 00000000 External STDCALL
GetTextColor . . . . . . . . . .	P Near	 00000000 FLAT	Length= 00000000 External STDCALL
GetTickCount . . . . . . . . . .	P Near	 00000000 FLAT	Length= 00000000 External STDCALL
Gotoxy . . . . . . . . . . . . .	P Near	 00000000 FLAT	Length= 00000000 External STDCALL
HeapAlloc  . . . . . . . . . . .	P Near	 00000000 FLAT	Length= 00000000 External STDCALL
HeapCreate . . . . . . . . . . .	P Near	 00000000 FLAT	Length= 00000000 External STDCALL
HeapDestroy  . . . . . . . . . .	P Near	 00000000 FLAT	Length= 00000000 External STDCALL
HeapFree . . . . . . . . . . . .	P Near	 00000000 FLAT	Length= 00000000 External STDCALL
HeapSize . . . . . . . . . . . .	P Near	 00000000 FLAT	Length= 00000000 External STDCALL
IsDigit  . . . . . . . . . . . .	P Near	 00000000 FLAT	Length= 00000000 External STDCALL
LocalFree  . . . . . . . . . . .	P Near	 00000000 FLAT	Length= 00000000 External STDCALL
MessageBoxA  . . . . . . . . . .	P Near	 00000000 FLAT	Length= 00000000 External STDCALL
MsgBoxAsk  . . . . . . . . . . .	P Near	 00000000 FLAT	Length= 00000000 External STDCALL
MsgBox . . . . . . . . . . . . .	P Near	 00000000 FLAT	Length= 00000000 External STDCALL
OpenInputFile  . . . . . . . . .	P Near	 00000000 FLAT	Length= 00000000 External STDCALL
ParseDecimal32 . . . . . . . . .	P Near	 00000000 FLAT	Length= 00000000 External STDCALL
ParseInteger32 . . . . . . . . .	P Near	 00000000 FLAT	Length= 00000000 External STDCALL
PeekConsoleInputA  . . . . . . .	P Near	 00000000 FLAT	Length= 00000000 External STDCALL
Random32 . . . . . . . . . . . .	P Near	 00000000 FLAT	Length= 00000000 External STDCALL
RandomRange  . . . . . . . . . .	P Near	 00000000 FLAT	Length= 00000000 External STDCALL
Randomize  . . . . . . . . . . .	P Near	 00000000 FLAT	Length= 00000000 External STDCALL
ReadChar . . . . . . . . . . . .	P Near	 00000000 FLAT	Length= 00000000 External STDCALL
ReadConsoleA . . . . . . . . . .	P Near	 00000000 FLAT	Length= 00000000 External STDCALL
ReadConsoleInputA  . . . . . . .	P Near	 00000000 FLAT	Length= 00000000 External STDCALL
ReadDec  . . . . . . . . . . . .	P Near	 00000000 FLAT	Length= 00000000 External STDCALL
ReadFile . . . . . . . . . . . .	P Near	 00000000 FLAT	Length= 00000000 External STDCALL
ReadFloat  . . . . . . . . . . .	P Near	 00000000 FLAT	Length= 00000000 External STDCALL
ReadFromFile . . . . . . . . . .	P Near	 00000000 FLAT	Length= 00000000 External STDCALL
ReadHex  . . . . . . . . . . . .	P Near	 00000000 FLAT	Length= 00000000 External STDCALL
ReadInt  . . . . . . . . . . . .	P Near	 00000000 FLAT	Length= 00000000 External STDCALL
ReadKeyFlush . . . . . . . . . .	P Near	 00000000 FLAT	Length= 00000000 External STDCALL
ReadKey  . . . . . . . . . . . .	P Near	 00000000 FLAT	Length= 00000000 External STDCALL
ReadString . . . . . . . . . . .	P Near	 00000000 FLAT	Length= 00000000 External STDCALL
SetConsoleCursorInfo . . . . . .	P Near	 00000000 FLAT	Length= 00000000 External STDCALL
SetConsoleCursorPosition . . . .	P Near	 00000000 FLAT	Length= 00000000 External STDCALL
SetConsoleMode . . . . . . . . .	P Near	 00000000 FLAT	Length= 00000000 External STDCALL
SetConsoleScreenBufferSize . . .	P Near	 00000000 FLAT	Length= 00000000 External STDCALL
SetConsoleTextAttribute  . . . .	P Near	 00000000 FLAT	Length= 00000000 External STDCALL
SetConsoleTitleA . . . . . . . .	P Near	 00000000 FLAT	Length= 00000000 External STDCALL
SetConsoleWindowInfo . . . . . .	P Near	 00000000 FLAT	Length= 00000000 External STDCALL
SetFilePointer . . . . . . . . .	P Near	 00000000 FLAT	Length= 00000000 External STDCALL
SetLocalTime . . . . . . . . . .	P Near	 00000000 FLAT	Length= 00000000 External STDCALL
SetTextColor . . . . . . . . . .	P Near	 00000000 FLAT	Length= 00000000 External STDCALL
ShowFPUStack . . . . . . . . . .	P Near	 00000000 FLAT	Length= 00000000 External STDCALL
Sleep  . . . . . . . . . . . . .	P Near	 00000000 FLAT	Length= 00000000 External STDCALL
StrLength  . . . . . . . . . . .	P Near	 00000000 FLAT	Length= 00000000 External STDCALL
Str_compare  . . . . . . . . . .	P Near	 00000000 FLAT	Length= 00000000 External STDCALL
Str_copy . . . . . . . . . . . .	P Near	 00000000 FLAT	Length= 00000000 External STDCALL
Str_length . . . . . . . . . . .	P Near	 00000000 FLAT	Length= 00000000 External STDCALL
Str_trim . . . . . . . . . . . .	P Near	 00000000 FLAT	Length= 00000000 External STDCALL
Str_ucase  . . . . . . . . . . .	P Near	 00000000 FLAT	Length= 00000000 External STDCALL
SystemTimeToFileTime . . . . . .	P Near	 00000000 FLAT	Length= 00000000 External STDCALL
WaitMsg  . . . . . . . . . . . .	P Near	 00000000 FLAT	Length= 00000000 External STDCALL
WriteBinB  . . . . . . . . . . .	P Near	 00000000 FLAT	Length= 00000000 External STDCALL
WriteBin . . . . . . . . . . . .	P Near	 00000000 FLAT	Length= 00000000 External STDCALL
WriteChar  . . . . . . . . . . .	P Near	 00000000 FLAT	Length= 00000000 External STDCALL
WriteConsoleA  . . . . . . . . .	P Near	 00000000 FLAT	Length= 00000000 External STDCALL
WriteConsoleOutputAttribute  . .	P Near	 00000000 FLAT	Length= 00000000 External STDCALL
WriteConsoleOutputCharacterA . .	P Near	 00000000 FLAT	Length= 00000000 External STDCALL
WriteDec . . . . . . . . . . . .	P Near	 00000000 FLAT	Length= 00000000 External STDCALL
WriteFile  . . . . . . . . . . .	P Near	 00000000 FLAT	Length= 00000000 External STDCALL
WriteFloat . . . . . . . . . . .	P Near	 00000000 FLAT	Length= 00000000 External STDCALL
WriteHexB  . . . . . . . . . . .	P Near	 00000000 FLAT	Length= 00000000 External STDCALL
WriteHex . . . . . . . . . . . .	P Near	 00000000 FLAT	Length= 00000000 External STDCALL
WriteInt . . . . . . . . . . . .	P Near	 00000000 FLAT	Length= 00000000 External STDCALL
WriteStackFrameName  . . . . . .	P Near	 00000000 FLAT	Length= 00000000 External STDCALL
WriteStackFrame  . . . . . . . .	P Near	 00000000 FLAT	Length= 00000000 External STDCALL
WriteString  . . . . . . . . . .	P Near	 00000000 FLAT	Length= 00000000 External STDCALL
WriteToFile  . . . . . . . . . .	P Near	 00000000 FLAT	Length= 00000000 External STDCALL
WriteWindowsMsg  . . . . . . . .	P Near	 00000000 FLAT	Length= 00000000 External STDCALL
main . . . . . . . . . . . . . .	P Near	 00000000 _TEXT	Length= 0000006B Public STDCALL
  SwapLoop . . . . . . . . . . .	L Near	 0000000F _TEXT	
  RepeatLoop . . . . . . . . . .	L Near	 0000002E _TEXT	
  RotateLoop . . . . . . . . . .	L Near	 0000003F _TEXT	
printf . . . . . . . . . . . . .	P Near	 00000000 FLAT	Length= 00000000 External C
scanf  . . . . . . . . . . . . .	P Near	 00000000 FLAT	Length= 00000000 External C
wsprintfA  . . . . . . . . . . .	P Near	 00000000 FLAT	Length= 00000000 External C


Symbols:

                N a m e                 Type     Value    Attr

@CodeSize  . . . . . . . . . . .	Number	 00000000h   
@DataSize  . . . . . . . . . . .	Number	 00000000h   
@Interface . . . . . . . . . . .	Number	 00000003h   
@Model . . . . . . . . . . . . .	Number	 00000007h   
@code  . . . . . . . . . . . . .	Text   	 _TEXT
@data  . . . . . . . . . . . . .	Text   	 FLAT
@fardata?  . . . . . . . . . . .	Text   	 FLAT
@fardata . . . . . . . . . . . .	Text   	 FLAT
@stack . . . . . . . . . . . . .	Text   	 FLAT
ALT_MASK . . . . . . . . . . . .	Number	 00000003h   
CAPSLOCK_ON  . . . . . . . . . .	Number	 00000080h   
CREATE_ALWAYS  . . . . . . . . .	Number	 00000002h   
CREATE_NEW . . . . . . . . . . .	Number	 00000001h   
CTRL_MASK  . . . . . . . . . . .	Number	 0000000Ch   
CreateFile . . . . . . . . . . .	Text   	 CreateFileA
DO_NOT_SHARE . . . . . . . . . .	Number	 00000000h   
ENABLE_ECHO_INPUT  . . . . . . .	Number	 00000004h   
ENABLE_LINE_INPUT  . . . . . . .	Number	 00000002h   
ENABLE_MOUSE_INPUT . . . . . . .	Number	 00000010h   
ENABLE_PROCESSED_INPUT . . . . .	Number	 00000001h   
ENABLE_PROCESSED_OUTPUT  . . . .	Number	 00000001h   
ENABLE_WINDOW_INPUT  . . . . . .	Number	 00000008h   
ENABLE_WRAP_AT_EOL_OUTPUT  . . .	Number	 00000002h   
ENHANCED_KEY . . . . . . . . . .	Number	 00000100h   
FALSE  . . . . . . . . . . . . .	Number	 00000000h   
FILE_APPEND_DATA . . . . . . . .	Number	 00000004h   
FILE_ATTRIBUTE_ARCHIVE . . . . .	Number	 00000020h   
FILE_ATTRIBUTE_COMPRESSED  . . .	Number	 00000800h   
FILE_ATTRIBUTE_DEVICE  . . . . .	Number	 00000040h   
FILE_ATTRIBUTE_DIRECTORY . . . .	Number	 00000010h   
FILE_ATTRIBUTE_ENCRYPTED . . . .	Number	 00004000h   
FILE_ATTRIBUTE_HIDDEN  . . . . .	Number	 00000002h   
FILE_ATTRIBUTE_NORMAL  . . . . .	Number	 00000080h   
FILE_ATTRIBUTE_NOT_CONTENT_INDEXED .	Number	 00002000h   
FILE_ATTRIBUTE_OFFLINE . . . . .	Number	 00001000h   
FILE_ATTRIBUTE_READONLY  . . . .	Number	 00000001h   
FILE_ATTRIBUTE_REPARSE_POINT . .	Number	 00000400h   
FILE_ATTRIBUTE_SPARSE_FILE . . .	Number	 00000200h   
FILE_ATTRIBUTE_SYSTEM  . . . . .	Number	 00000004h   
FILE_ATTRIBUTE_TEMPORARY . . . .	Number	 00000100h   
FILE_BEGIN . . . . . . . . . . .	Number	 00000000h   
FILE_CURRENT . . . . . . . . . .	Number	 00000001h   
FILE_DELETE_CHILD  . . . . . . .	Number	 00000040h   
FILE_END . . . . . . . . . . . .	Number	 00000002h   
FILE_READ_DATA . . . . . . . . .	Number	 00000001h   
FILE_SHARE_DELETE  . . . . . . .	Number	 00000004h   
FILE_SHARE_READ  . . . . . . . .	Number	 00000001h   
FILE_SHARE_WRITE . . . . . . . .	Number	 00000002h   
FILE_WRITE_DATA  . . . . . . . .	Number	 00000002h   
FOCUS_EVENT  . . . . . . . . . .	Number	 00000010h   
FORMAT_MESSAGE_ALLOCATE_BUFFER .	Number	 00000100h   
FORMAT_MESSAGE_FROM_SYSTEM . . .	Number	 00001000h   
FormatMessage  . . . . . . . . .	Text   	 FormatMessageA
GENERIC_ALL  . . . . . . . . . .	Number	 10000000h   
GENERIC_EXECUTE  . . . . . . . .	Number	 20000000h   
GENERIC_READ . . . . . . . . . .	Number	 -80000000h   
GENERIC_WRITE  . . . . . . . . .	Number	 40000000h   
GetCommandLine . . . . . . . . .	Text   	 GetCommandLineA
HANDLE . . . . . . . . . . . . .	Text   	 DWORD
HEAP_GENERATE_EXCEPTIONS . . . .	Number	 00000004h   
HEAP_GROWABLE  . . . . . . . . .	Number	 00000002h   
HEAP_NO_SERIALIZE  . . . . . . .	Number	 00000001h   
HEAP_REALLOC_IN_PLACE_ONLY . . .	Number	 00000010h   
HEAP_ZERO_MEMORY . . . . . . . .	Number	 00000008h   
IDABORT  . . . . . . . . . . . .	Number	 00000003h   
IDCANCEL . . . . . . . . . . . .	Number	 00000002h   
IDCLOSE  . . . . . . . . . . . .	Number	 00000008h   
IDCONTINUE . . . . . . . . . . .	Number	 0000000Bh   
IDHELP . . . . . . . . . . . . .	Number	 00000009h   
IDIGNORE . . . . . . . . . . . .	Number	 00000005h   
IDNO . . . . . . . . . . . . . .	Number	 00000007h   
IDOK . . . . . . . . . . . . . .	Number	 00000001h   
IDRETRY  . . . . . . . . . . . .	Number	 00000004h   
IDTIMEOUT  . . . . . . . . . . .	Number	 00007D00h   
IDTRYAGAIN . . . . . . . . . . .	Number	 0000000Ah   
IDYES  . . . . . . . . . . . . .	Number	 00000006h   
INVALID_HANDLE_VALUE . . . . . .	Number	 -00000001h   
KBDOWN_FLAG  . . . . . . . . . .	Number	 00000001h   
KEY_EVENT  . . . . . . . . . . .	Number	 00000001h   
KEY_MASKS  . . . . . . . . . . .	Number	 0000001Fh   
LEFT_ALT_PRESSED . . . . . . . .	Number	 00000002h   
LEFT_CTRL_PRESSED  . . . . . . .	Number	 00000008h   
MB_ABORTRETRYIGNORE  . . . . . .	Number	 00000002h   
MB_APPLMODAL . . . . . . . . . .	Number	 00000000h   
MB_CANCELTRYCONTINUE . . . . . .	Number	 00000006h   
MB_DEFBUTTON1  . . . . . . . . .	Number	 00000000h   
MB_DEFBUTTON2  . . . . . . . . .	Number	 00000100h   
MB_DEFBUTTON3  . . . . . . . . .	Number	 00000200h   
MB_DEFBUTTON4  . . . . . . . . .	Number	 00000300h   
MB_HELP  . . . . . . . . . . . .	Number	 00004000h   
MB_ICONASTERISK  . . . . . . . .	Number	 00000040h   
MB_ICONERROR . . . . . . . . . .	Number	 00000010h   
MB_ICONEXCLAMATION . . . . . . .	Number	 00000030h   
MB_ICONHAND  . . . . . . . . . .	Number	 00000010h   
MB_ICONINFORMATION . . . . . . .	Number	 00000040h   
MB_ICONQUESTION  . . . . . . . .	Number	 00000020h   
MB_ICONSTOP  . . . . . . . . . .	Number	 00000010h   
MB_ICONWARNING . . . . . . . . .	Number	 00000030h   
MB_OKCANCEL  . . . . . . . . . .	Number	 00000001h   
MB_OK  . . . . . . . . . . . . .	Number	 00000000h   
MB_RETRYCANCEL . . . . . . . . .	Number	 00000005h   
MB_SYSTEMMODAL . . . . . . . . .	Number	 00001000h   
MB_TASKMODAL . . . . . . . . . .	Number	 00002000h   
MB_USERICON  . . . . . . . . . .	Number	 00000080h   
MB_YESNOCANCEL . . . . . . . . .	Number	 00000003h   
MB_YESNO . . . . . . . . . . . .	Number	 00000004h   
MENU_EVENT . . . . . . . . . . .	Number	 00000008h   
MOUSE_EVENT  . . . . . . . . . .	Number	 00000002h   
MessageBox . . . . . . . . . . .	Text   	 MessageBoxA
NULL . . . . . . . . . . . . . .	Number	 00000000h   
NUMLOCK_ON . . . . . . . . . . .	Number	 00000020h   
OPEN_ALWAYS  . . . . . . . . . .	Number	 00000004h   
OPEN_EXISTING  . . . . . . . . .	Number	 00000003h   
PeekConsoleInput . . . . . . . .	Text   	 PeekConsoleInputA
RIGHT_ALT_PRESSED  . . . . . . .	Number	 00000001h   
RIGHT_CTRL_PRESSED . . . . . . .	Number	 00000004h   
ReadConsoleInput . . . . . . . .	Text   	 ReadConsoleInputA
ReadConsole  . . . . . . . . . .	Text   	 ReadConsoleA
SCROLLLOCK_ON  . . . . . . . . .	Number	 00000040h   
SHIFT_MASK . . . . . . . . . . .	Number	 00000010h   
SHIFT_PRESSED  . . . . . . . . .	Number	 00000010h   
STD_ERROR_HANDLE . . . . . . . .	Number	 -0000000Ch   
STD_INPUT_HANDLE . . . . . . . .	Number	 -0000000Ah   
STD_OUTPUT_HANDLE  . . . . . . .	Number	 -0000000Bh   
SetConsoleTitle  . . . . . . . .	Text   	 SetConsoleTitleA
TAB  . . . . . . . . . . . . . .	Number	 00000009h   
TRUE . . . . . . . . . . . . . .	Number	 00000001h   
TRUNCATE_EXISTING  . . . . . . .	Number	 00000005h   
VK_11  . . . . . . . . . . . . .	Number	 000000BDh   
VK_12  . . . . . . . . . . . . .	Number	 000000BBh   
VK_ADD . . . . . . . . . . . . .	Number	 0000006Bh   
VK_BACK  . . . . . . . . . . . .	Number	 00000008h   
VK_CANCEL  . . . . . . . . . . .	Number	 00000003h   
VK_CAPITAL . . . . . . . . . . .	Number	 00000014h   
VK_CLEAR . . . . . . . . . . . .	Number	 0000000Ch   
VK_CONTROL . . . . . . . . . . .	Number	 00000011h   
VK_DECIMAL . . . . . . . . . . .	Number	 0000006Eh   
VK_DELETE  . . . . . . . . . . .	Number	 0000002Eh   
VK_DIVIDE  . . . . . . . . . . .	Number	 0000006Fh   
VK_DOWN  . . . . . . . . . . . .	Number	 00000028h   
VK_END . . . . . . . . . . . . .	Number	 00000023h   
VK_ESCAPE  . . . . . . . . . . .	Number	 0000001Bh   
VK_EXECUTE . . . . . . . . . . .	Number	 0000002Bh   
VK_F10 . . . . . . . . . . . . .	Number	 00000079h   
VK_F11 . . . . . . . . . . . . .	Number	 0000007Ah   
VK_F12 . . . . . . . . . . . . .	Number	 0000007Bh   
VK_F13 . . . . . . . . . . . . .	Number	 0000007Ch   
VK_F14 . . . . . . . . . . . . .	Number	 0000007Dh   
VK_F15 . . . . . . . . . . . . .	Number	 0000007Eh   
VK_F16 . . . . . . . . . . . . .	Number	 0000007Fh   
VK_F17 . . . . . . . . . . . . .	Number	 00000080h   
VK_F18 . . . . . . . . . . . . .	Number	 00000081h   
VK_F19 . . . . . . . . . . . . .	Number	 00000082h   
VK_F1  . . . . . . . . . . . . .	Number	 00000070h   
VK_F20 . . . . . . . . . . . . .	Number	 00000083h   
VK_F21 . . . . . . . . . . . . .	Number	 00000084h   
VK_F22 . . . . . . . . . . . . .	Number	 00000085h   
VK_F23 . . . . . . . . . . . . .	Number	 00000086h   
VK_F24 . . . . . . . . . . . . .	Number	 00000087h   
VK_F2  . . . . . . . . . . . . .	Number	 00000071h   
VK_F3  . . . . . . . . . . . . .	Number	 00000072h   
VK_F4  . . . . . . . . . . . . .	Number	 00000073h   
VK_F5  . . . . . . . . . . . . .	Number	 00000074h   
VK_F6  . . . . . . . . . . . . .	Number	 00000075h   
VK_F7  . . . . . . . . . . . . .	Number	 00000076h   
VK_F8  . . . . . . . . . . . . .	Number	 00000077h   
VK_F9  . . . . . . . . . . . . .	Number	 00000078h   
VK_HELP  . . . . . . . . . . . .	Number	 0000002Fh   
VK_HOME  . . . . . . . . . . . .	Number	 00000024h   
VK_INSERT  . . . . . . . . . . .	Number	 0000002Dh   
VK_LBUTTON . . . . . . . . . . .	Number	 00000001h   
VK_LCONTROL  . . . . . . . . . .	Number	 000000A2h   
VK_LEFT  . . . . . . . . . . . .	Number	 00000025h   
VK_LMENU . . . . . . . . . . . .	Number	 000000A4h   
VK_LSHIFT  . . . . . . . . . . .	Number	 000000A0h   
VK_MENU  . . . . . . . . . . . .	Number	 00000012h   
VK_MULTIPLY  . . . . . . . . . .	Number	 0000006Ah   
VK_NEXT  . . . . . . . . . . . .	Number	 00000022h   
VK_NUMLOCK . . . . . . . . . . .	Number	 00000090h   
VK_NUMPAD0 . . . . . . . . . . .	Number	 00000060h   
VK_NUMPAD1 . . . . . . . . . . .	Number	 00000061h   
VK_NUMPAD2 . . . . . . . . . . .	Number	 00000062h   
VK_NUMPAD3 . . . . . . . . . . .	Number	 00000063h   
VK_NUMPAD4 . . . . . . . . . . .	Number	 00000064h   
VK_NUMPAD5 . . . . . . . . . . .	Number	 00000065h   
VK_NUMPAD6 . . . . . . . . . . .	Number	 00000066h   
VK_NUMPAD7 . . . . . . . . . . .	Number	 00000067h   
VK_NUMPAD8 . . . . . . . . . . .	Number	 00000068h   
VK_NUMPAD9 . . . . . . . . . . .	Number	 00000069h   
VK_PAUSE . . . . . . . . . . . .	Number	 00000013h   
VK_PRINT . . . . . . . . . . . .	Number	 0000002Ah   
VK_PRIOR . . . . . . . . . . . .	Number	 00000021h   
VK_RBUTTON . . . . . . . . . . .	Number	 00000002h   
VK_RCONTROL  . . . . . . . . . .	Number	 000000A3h   
VK_RETURN  . . . . . . . . . . .	Number	 0000000Dh   
VK_RIGHT . . . . . . . . . . . .	Number	 00000027h   
VK_RMENU . . . . . . . . . . . .	Number	 000000A5h   
VK_RSHIFT  . . . . . . . . . . .	Number	 000000A1h   
VK_SCROLL  . . . . . . . . . . .	Number	 00000091h   
VK_SEPARATER . . . . . . . . . .	Number	 0000006Ch   
VK_SHIFT . . . . . . . . . . . .	Number	 00000010h   
VK_SNAPSHOT  . . . . . . . . . .	Number	 0000002Ch   
VK_SPACE . . . . . . . . . . . .	Number	 00000020h   
VK_SUBTRACT  . . . . . . . . . .	Number	 0000006Dh   
VK_TAB . . . . . . . . . . . . .	Number	 00000009h   
VK_UP  . . . . . . . . . . . . .	Number	 00000026h   
WINDOW_BUFFER_SIZE_EVENT . . . .	Number	 00000004h   
WriteConsoleOutputCharacter  . .	Text   	 WriteConsoleOutputCharacterA
WriteConsole . . . . . . . . . .	Text   	 WriteConsoleA
black  . . . . . . . . . . . . .	Number	 00000000h   
blue . . . . . . . . . . . . . .	Number	 00000001h   
brown  . . . . . . . . . . . . .	Number	 00000006h   
cyan . . . . . . . . . . . . . .	Number	 00000003h   
exit . . . . . . . . . . . . . .	Text   	 INVOKE ExitProcess,0
gray . . . . . . . . . . . . . .	Number	 00000008h   
green  . . . . . . . . . . . . .	Number	 00000002h   
lightBlue  . . . . . . . . . . .	Number	 00000009h   
lightCyan  . . . . . . . . . . .	Number	 0000000Bh   
lightGray  . . . . . . . . . . .	Number	 00000007h   
lightGreen . . . . . . . . . . .	Number	 0000000Ah   
lightMagenta . . . . . . . . . .	Number	 0000000Dh   
lightRed . . . . . . . . . . . .	Number	 0000000Ch   
magenta  . . . . . . . . . . . .	Number	 00000005h   
red  . . . . . . . . . . . . . .	Number	 00000004h   
source . . . . . . . . . . . . .	Byte	 00000000 _DATA	
target . . . . . . . . . . . . .	Byte	 0000001A _DATA	
white  . . . . . . . . . . . . .	Number	 0000000Fh   
wsprintf . . . . . . . . . . . .	Text   	 wsprintfA
yellow . . . . . . . . . . . . .	Number	 0000000Eh   

	   1 Warnings
	   0 Errors
